-------------------------------------------------------------------------------
Test set: com.flexera.test.JenkinsTest.AppTest
-------------------------------------------------------------------------------
Tests run: 1, Failures: 1, Errors: 0, Skipped: 0, Time elapsed: 0.015 sec <<< FAILURE!
testApp(com.flexera.test.JenkinsTest.AppTest)  Time elapsed: 0.012 sec  <<< FAILURE!
junit.framework.ComparisonFailure: expected:<...!> but was:<...>
	at junit.framework.Assert.assertEquals(Assert.java:81)
	at junit.framework.Assert.assertEquals(Assert.java:87)
	at com.flexera.test.JenkinsTest.AppTest.testApp(AppTest.java:37)

